# JRE version: Java(TM) SE Runtime Environment (8.0_161-b12) (build 1.8.0_161-b12)
# Java VM: Java HotSpot(TM) 64-Bit Server VM (25.161-b12 mixed mode linux-amd64 compressed oops)
Heap:
 PSYoungGen      total 2271744K, used 174566K [0x0000000715580000, 0x00000007aaa80000, 0x00000007c0000000)
  eden space 2097152K, 0% used [0x0000000715580000,0x0000000715580000,0x0000000795580000)
  from space 174592K, 99% used [0x0000000795580000,0x000000079fff9888,0x00000007a0000000)
  to   space 174592K, 0% used [0x00000007a0000000,0x00000007a0000000,0x00000007aaa80000)
 ParOldGen       total 4298752K, used 3919040K [0x00000005c0000000, 0x00000006c6600000, 0x0000000715580000)
  object space 4298752K, 91% used [0x00000005c0000000,0x00000006af330340,0x00000006c6600000)
 Metaspace       used 3822K, capacity 4666K, committed 4864K, reserved 1056768K
  class space    used 412K, capacity 430K, committed 512K, reserved 1048576K
GC Heap History (7 events):
Event: 33.570 GC heap before
{Heap before GC invocations=1 (full 0):
 PSYoungGen      total 1223168K, used 1048576K [0x0000000715580000, 0x000000076aa80000, 0x00000007c0000000)
  eden space 1048576K, 100% used [0x0000000715580000,0x0000000755580000,0x0000000755580000)
  from space 174592K, 0% used [0x0000000760000000,0x0000000760000000,0x000000076aa80000)
  to   space 174592K, 0% used [0x0000000755580000,0x0000000755580000,0x0000000760000000)
 ParOldGen       total 2796544K, used 0K [0x00000005c0000000, 0x000000066ab00000, 0x0000000715580000)
  object space 2796544K, 0% used [0x00000005c0000000,0x00000005c0000000,0x000000066ab00000)
 Metaspace       used 3822K, capacity 4666K, committed 4864K, reserved 1056768K
  class space    used 412K, capacity 430K, committed 512K, reserved 1048576K
Event: 35.979 GC heap after
Heap after GC invocations=1 (full 0):
 PSYoungGen      total 1223168K, used 174578K [0x0000000715580000, 0x00000007aaa80000, 0x00000007c0000000)
  eden space 1048576K, 0% used [0x0000000715580000,0x0000000715580000,0x0000000755580000)
  from space 174592K, 99% used [0x0000000755580000,0x000000075fffc8c0,0x0000000760000000)
  to   space 174592K, 0% used [0x00000007a0000000,0x00000007a0000000,0x00000007aaa80000)
 ParOldGen       total 2796544K, used 777049K [0x00000005c0000000, 0x000000066ab00000, 0x0000000715580000)
  object space 2796544K, 27% used [0x00000005c0000000,0x00000005ef6d64e8,0x000000066ab00000)
 Metaspace       used 3822K, capacity 4666K, committed 4864K, reserved 1056768K
  class space    used 412K, capacity 430K, committed 512K, reserved 1048576K
}
Event: 37.365 GC heap before
{Heap before GC invocations=2 (full 0):
 PSYoungGen      total 1223168K, used 1223154K [0x0000000715580000, 0x00000007aaa80000, 0x00000007c0000000)
  eden space 1048576K, 100% used [0x0000000715580000,0x0000000755580000,0x0000000755580000)
  from space 174592K, 99% used [0x0000000755580000,0x000000075fffc8c0,0x0000000760000000)
  to   space 174592K, 0% used [0x00000007a0000000,0x00000007a0000000,0x00000007aaa80000)
 ParOldGen       total 2796544K, used 777049K [0x00000005c0000000, 0x000000066ab00000, 0x0000000715580000)
  object space 2796544K, 27% used [0x00000005c0000000,0x00000005ef6d64e8,0x000000066ab00000)
 Metaspace       used 3822K, capacity 4666K, committed 4864K, reserved 1056768K
  class space    used 412K, capacity 430K, committed 512K, reserved 1048576K
Event: 47.272 GC heap after
Heap after GC invocations=2 (full 0):
 PSYoungGen      total 2271744K, used 174587K [0x0000000715580000, 0x00000007aaa80000, 0x00000007c0000000)
  eden space 2097152K, 0% used [0x0000000715580000,0x0000000715580000,0x0000000795580000)
  from space 174592K, 99% used [0x00000007a0000000,0x00000007aaa7ee28,0x00000007aaa80000)
  to   space 174592K, 0% used [0x0000000795580000,0x0000000795580000,0x00000007a0000000)
 ParOldGen       total 2796544K, used 1824074K [0x00000005c0000000, 0x000000066ab00000, 0x0000000715580000)
  object space 2796544K, 65% used [0x00000005c0000000,0x000000062f552b38,0x000000066ab00000)
 Metaspace       used 3822K, capacity 4666K, committed 4864K, reserved 1056768K
  class space    used 412K, capacity 430K, committed 512K, reserved 1048576K
}
Event: 47.347 GC heap before
{Heap before GC invocations=3 (full 1):
 PSYoungGen      total 2271744K, used 174587K [0x0000000715580000, 0x00000007aaa80000, 0x00000007c0000000)
  eden space 2097152K, 0% used [0x0000000715580000,0x0000000715580000,0x0000000795580000)
  from space 174592K, 99% used [0x00000007a0000000,0x00000007aaa7ee28,0x00000007aaa80000)
  to   space 174592K, 0% used [0x0000000795580000,0x0000000795580000,0x00000007a0000000)
 ParOldGen       total 2796544K, used 1824074K [0x00000005c0000000, 0x000000066ab00000, 0x0000000715580000)
  object space 2796544K, 65% used [0x00000005c0000000,0x000000062f552b38,0x000000066ab00000)
 Metaspace       used 3822K, capacity 4666K, committed 4864K, reserved 1056768K
  class space    used 412K, capacity 430K, committed 512K, reserved 1048576K
Event: 52.679 GC heap after
Heap after GC invocations=3 (full 1):
 PSYoungGen      total 2271744K, used 0K [0x0000000715580000, 0x00000007aaa80000, 0x00000007c0000000)
  eden space 2097152K, 0% used [0x0000000715580000,0x0000000715580000,0x0000000795580000)
  from space 174592K, 0% used [0x00000007a0000000,0x00000007a0000000,0x00000007aaa80000)
  to   space 174592K, 0% used [0x0000000795580000,0x0000000795580000,0x00000007a0000000)
 ParOldGen       total 4298752K, used 1998380K [0x00000005c0000000, 0x00000006c6600000, 0x0000000715580000)
  object space 4298752K, 46% used [0x00000005c0000000,0x0000000639f8b360,0x00000006c6600000)
 Metaspace       used 3822K, capacity 4666K, committed 4864K, reserved 1056768K
  class space    used 412K, capacity 430K, committed 512K, reserved 1048576K
}
Event: 67.593 GC heap before
{Heap before GC invocations=4 (full 1):
 PSYoungGen      total 2271744K, used 2097152K [0x0000000715580000, 0x00000007aaa80000, 0x00000007c0000000)
  eden space 2097152K, 100% used [0x0000000715580000,0x0000000795580000,0x0000000795580000)
  from space 174592K, 0% used [0x00000007a0000000,0x00000007a0000000,0x00000007aaa80000)
  to   space 174592K, 0% used [0x0000000795580000,0x0000000795580000,0x00000007a0000000)
 ParOldGen       total 4298752K, used 1998380K [0x00000005c0000000, 0x00000006c6600000, 0x0000000715580000)
  object space 4298752K, 46% used [0x00000005c0000000,0x0000000639f8b360,0x00000006c6600000)
 Metaspace       used 3822K, capacity 4666K, committed 4864K, reserved 1056768K
  class space    used 412K, capacity 430K, committed 512K, reserved 1048576K

