# JRE version: Java(TM) SE Runtime Environment (8.0_161-b12) (build 1.8.0_161-b12)
# Java VM: Java HotSpot(TM) 64-Bit Server VM (25.161-b12 mixed mode linux-amd64 compressed oops)
Heap:
 PSYoungGen      total 3204608K, used 0K [0x00000006e9b00000, 0x00000007c0000000, 0x00000007c0000000)
  eden space 2897920K, 0% used [0x00000006e9b00000,0x00000006e9b00000,0x000000079a900000)
  from space 306688K, 0% used [0x00000007ad480000,0x00000007ad480000,0x00000007c0000000)
  to   space 306688K, 0% used [0x000000079a900000,0x000000079a900000,0x00000007ad480000)
 ParOldGen       total 4910080K, used 3569079K [0x000000053d000000, 0x0000000668b00000, 0x00000006e9b00000)
  object space 4910080K, 72% used [0x000000053d000000,0x0000000616d6ddb8,0x0000000668b00000)
 Metaspace       used 3803K, capacity 4666K, committed 4864K, reserved 1056768K
  class space    used 410K, capacity 430K, committed 512K, reserved 1048576K
GC Heap History (5 events):
Event: 10.718 GC heap before
{Heap before GC invocations=1 (full 0):
 PSYoungGen      total 2147840K, used 1841152K [0x00000006e9b00000, 0x000000077f800000, 0x00000007c0000000)
  eden space 1841152K, 100% used [0x00000006e9b00000,0x000000075a100000,0x000000075a100000)
  from space 306688K, 0% used [0x000000076cc80000,0x000000076cc80000,0x000000077f800000)
  to   space 306688K, 0% used [0x000000075a100000,0x000000075a100000,0x000000076cc80000)
 ParOldGen       total 4910080K, used 0K [0x000000053d000000, 0x0000000668b00000, 0x00000006e9b00000)
  object space 4910080K, 0% used [0x000000053d000000,0x000000053d000000,0x0000000668b00000)
 Metaspace       used 3802K, capacity 4666K, committed 4864K, reserved 1056768K
  class space    used 410K, capacity 430K, committed 512K, reserved 1048576K
Event: 10.920 GC heap after
Heap after GC invocations=1 (full 0):
 PSYoungGen      total 2147840K, used 306667K [0x00000006e9b00000, 0x00000007c0000000, 0x00000007c0000000)
  eden space 1841152K, 0% used [0x00000006e9b00000,0x00000006e9b00000,0x000000075a100000)
  from space 306688K, 99% used [0x000000075a100000,0x000000076cc7aca8,0x000000076cc80000)
  to   space 306688K, 0% used [0x00000007ad480000,0x00000007ad480000,0x00000007c0000000)
 ParOldGen       total 4910080K, used 1423834K [0x000000053d000000, 0x0000000668b00000, 0x00000006e9b00000)
  object space 4910080K, 28% used [0x000000053d000000,0x0000000593e76b68,0x0000000668b00000)
 Metaspace       used 3802K, capacity 4666K, committed 4864K, reserved 1056768K
  class space    used 410K, capacity 430K, committed 512K, reserved 1048576K
}
Event: 11.339 GC heap before
{Heap before GC invocations=2 (full 0):
 PSYoungGen      total 2147840K, used 2147819K [0x00000006e9b00000, 0x00000007c0000000, 0x00000007c0000000)
  eden space 1841152K, 100% used [0x00000006e9b00000,0x000000075a100000,0x000000075a100000)
  from space 306688K, 99% used [0x000000075a100000,0x000000076cc7aca8,0x000000076cc80000)
  to   space 306688K, 0% used [0x00000007ad480000,0x00000007ad480000,0x00000007c0000000)
 ParOldGen       total 4910080K, used 1423834K [0x000000053d000000, 0x0000000668b00000, 0x00000006e9b00000)
  object space 4910080K, 28% used [0x000000053d000000,0x0000000593e76b68,0x0000000668b00000)
 Metaspace       used 3803K, capacity 4666K, committed 4864K, reserved 1056768K
  class space    used 410K, capacity 430K, committed 512K, reserved 1048576K
Event: 14.943 GC heap after
Heap after GC invocations=2 (full 0):
 PSYoungGen      total 3204608K, used 306670K [0x00000006e9b00000, 0x00000007c0000000, 0x00000007c0000000)
  eden space 2897920K, 0% used [0x00000006e9b00000,0x00000006e9b00000,0x000000079a900000)
  from space 306688K, 99% used [0x00000007ad480000,0x00000007bfffbaa0,0x00000007c0000000)
  to   space 306688K, 0% used [0x000000079a900000,0x000000079a900000,0x00000007ad480000)
 ParOldGen       total 4910080K, used 3262629K [0x000000053d000000, 0x0000000668b00000, 0x00000006e9b00000)
  object space 4910080K, 66% used [0x000000053d000000,0x0000000604229528,0x0000000668b00000)
 Metaspace       used 3803K, capacity 4666K, committed 4864K, reserved 1056768K
  class space    used 410K, capacity 430K, committed 512K, reserved 1048576K
}
Event: 15.022 GC heap before
{Heap before GC invocations=3 (full 1):
 PSYoungGen      total 3204608K, used 306670K [0x00000006e9b00000, 0x00000007c0000000, 0x00000007c0000000)
  eden space 2897920K, 0% used [0x00000006e9b00000,0x00000006e9b00000,0x000000079a900000)
  from space 306688K, 99% used [0x00000007ad480000,0x00000007bfffbaa0,0x00000007c0000000)
  to   space 306688K, 0% used [0x000000079a900000,0x000000079a900000,0x00000007ad480000)
 ParOldGen       total 4910080K, used 3262629K [0x000000053d000000, 0x0000000668b00000, 0x00000006e9b00000)
  object space 4910080K, 66% used [0x000000053d000000,0x0000000604229528,0x0000000668b00000)
 Metaspace       used 3803K, capacity 4666K, committed 4864K, reserved 1056768K
  class space    used 410K, capacity 430K, committed 512K, reserved 1048576K

